INFO:  latexindent version 3.20.3, 2023-02-19, a script to indent .tex files
       latexindent lives here: /nix/store/d1cdxlnihrx6z7walr43q2mzcnn08zrm-perl5.36.0-latexindent-3.20.3/bin/
       Sun Jan 21 01:27:45 2024
       Filename: /home/mateo/WebstormProjects/PracaDyplomowa_fixed/work/latex/text/__latexindent_temp_projekt.tex
INFO:  Processing switches:
       -y|--yaml: YAML settings specified via command line
       -c|--cruft: cruft directory
INFO:  Directory for backup files and /home/mateo/WebstormProjects/PracaDyplomowa_fixed/work/latex//indent.log:
       /home/mateo/WebstormProjects/PracaDyplomowa_fixed/work/latex/
INFO:  YAML settings read: defaultSettings.yaml
       Reading defaultSettings.yaml from /nix/store/2bhgwk9gsgp4kj73jwwnn7v8ib73mcmc-texlive-latexindent-3.20.3/scripts/latexindent/defaultSettings.yaml
INFO:  YAML reading settings
       Home directory is /home/mateo
       latexindent.pl didn't find indentconfig.yaml or .indentconfig.yaml
       see all possible locations: https://latexindentpl.readthedocs.io/en/latest/sec-appendices.html#indentconfig-options)
INFO:  YAML settings read: -y switch
       YAML setting: defaultIndent:'\t'
       single-quoted string found in -y switch: '\t', substitute to 	
       Updating mainSettings with defaultIndent: 	
INFO:  Phase 1: searching for objects
INFO:  Phase 2: finding surrounding indentation
INFO:  Phase 3: indenting objects
INFO:  Phase 4: final indentation check
INFO:  Output routine:
       Not outputting to file; see -w and -o switches for more options.
       --------------
INFO:  Please direct all communication/issues to:
        https://github.com/cmhughes/latexindent.pl
