\BOOKMARK [1][-]{section*.1}{\376\377\000S\001\102\000o\000w\000n\000i\000k\000\040\000p\000o\000j\001\031\001\007}{}% 1
\BOOKMARK [1][-]{section*.2}{\376\377\000W\000s\000t\001\031\000p}{}% 2
\BOOKMARK [1][-]{section*.3}{\376\377\000C\000e\000l\000\040\000i\000\040\000z\000a\000k\000r\000e\000s\000\040\000p\000r\000a\000c\000y}{}% 3
\BOOKMARK [1][-]{section.1}{\376\377\000S\000t\000u\000d\000i\000u\000m\000\040\000w\000\040\000z\000a\000k\000r\000e\000s\000i\000e\000\040\000p\000r\000o\000b\000l\000e\000m\000a\000t\000y\000k\000i\000\040\000p\000r\000o\000c\000e\000s\000u\000\040\000a\000r\000a\000n\001\174\000a\000c\000j\000i\000\040\000m\000u\000z\000y\000c\000z\000n\000e\000j}{}% 4
\BOOKMARK [2][-]{subsection.1.1}{\376\377\000D\000e\000f\000i\000n\000i\000c\000j\000a\000\040\000p\000r\000o\000b\000l\000e\000m\000a\000t\000y\000k\000i\000\040\000p\000r\000o\000c\000e\000s\000u\000\040\000a\000r\000a\000n\001\174\000a\000c\000j\000i}{section.1}% 5
\BOOKMARK [2][-]{subsection.1.2}{\376\377\000R\000y\000s\000\040\000h\000i\000s\000t\000o\000r\000y\000c\000z\000n\000y\000\040\000m\000u\000z\000y\000k\000i\000\040\000k\000l\000a\000s\000y\000c\000z\000n\000e\000j}{section.1}% 6
\BOOKMARK [3][-]{subsubsection.1.2.1}{\376\377\000R\000o\000z\000w\000\363\000j\000\040\000t\000e\000c\000h\000n\000i\000k\000\040\000p\000r\000o\000c\000e\000s\000u\000\040\000t\000w\000\363\000r\000c\000z\000e\000g\000o\000\040\000m\000u\000z\000y\000k\000i}{subsection.1.2}% 7
\BOOKMARK [3][-]{subsubsection.1.2.2}{\376\377\000N\000o\000t\000a\000c\000j\000a\000\040\000m\000u\000z\000y\000c\000z\000n\000a}{subsection.1.2}% 8
\BOOKMARK [3][-]{subsubsection.1.2.3}{\376\377\000P\000o\000d\000s\000u\000m\000o\000w\000a\000n\000i\000e}{subsection.1.2}% 9
\BOOKMARK [2][-]{subsection.1.3}{\376\377\000B\000a\000d\000a\000n\000i\000e\000\040\000r\000y\000n\000k\000u\000\040\000o\000p\000r\000o\000g\000r\000a\000m\000o\000w\000a\000n\000i\000a\000\040\000w\000s\000p\000i\000e\000r\000a\000j\001\005\000c\000e\000g\000o\000\040\000p\000r\000a\000c\001\031\000\040\000m\000u\000z\000y\000k\000\363\000w}{section.1}% 10
\BOOKMARK [3][-]{subsubsection.1.3.1}{\376\377\000P\000r\000o\000g\000r\000a\000m\000y\000\040\000k\000o\000m\000p\000u\000t\000e\000r\000o\000w\000e}{subsection.1.3}% 11
\BOOKMARK [3][-]{subsubsection.1.3.2}{\376\377\000A\000p\000l\000i\000k\000a\000c\000j\000e\000\040\000m\000o\000b\000i\000l\000n\000e}{subsection.1.3}% 12
\BOOKMARK [3][-]{subsubsection.1.3.3}{\376\377\000P\000o\000d\000s\000u\000m\000o\000w\000a\000n\000i\000e}{subsection.1.3}% 13
\BOOKMARK [2][-]{subsection.1.4}{\376\377\000R\000o\000z\000w\000i\001\005\000z\000a\000n\000i\000a\000\040\000o\000f\000e\000r\000o\000w\000a\000n\000e\000\040\000p\000r\000z\000e\000z\000\040\000i\000n\000n\000e\000\040\000a\000p\000l\000i\000k\000a\000c\000j\000e\000\040\000n\000i\000e\000p\000o\000w\000i\001\005\000z\000a\000n\000e\000\040\000z\000\040\000p\000r\000o\000c\000e\000s\000e\000m\000\040\000a\000r\000a\000n\001\174\000a\000c\000j\000i}{section.1}% 14
\BOOKMARK [1][-]{section.2}{\376\377\000Z\000a\001\102\000o\001\174\000e\000n\000i\000a\000\040\000p\000r\000o\000j\000e\000k\000t\000o\000w\000e}{}% 15
\BOOKMARK [2][-]{subsection.2.1}{\376\377\000I\000d\000e\000n\000t\000y\000f\000i\000k\000a\000c\000j\000a\000\040\000a\000k\000t\000o\000r\000\363\000w}{section.2}% 16
\BOOKMARK [2][-]{subsection.2.2}{\376\377\000P\000o\000g\000l\001\005\000d\000o\000w\000e\000\040\000s\000c\000e\000n\000a\000r\000i\000u\000s\000z\000e\000\040\000w\000s\000p\000i\000e\000r\000a\000n\000i\000a\000\040\000p\000r\000o\000c\000e\000s\000u\000\040\000a\000r\000a\000n\001\174\000a\000c\000j\000i}{section.2}% 17
\BOOKMARK [2][-]{subsection.2.3}{\376\377\000W\000y\000m\000a\000g\000a\000n\000i\000a}{section.2}% 18
\BOOKMARK [3][-]{subsubsection.2.3.1}{\376\377\000W\000y\000m\000a\000g\000a\000n\000i\000a\000\040\000j\000a\000k\000o\001\133\000c\000i\000o\000w\000e}{subsection.2.3}% 19
\BOOKMARK [3][-]{subsubsection.2.3.2}{\376\377\000W\000y\000m\000a\000g\000a\000n\000i\000a\000\040\000f\000u\000n\000k\000c\000j\000o\000n\000a\000l\000n\000e}{subsection.2.3}% 20
\BOOKMARK [2][-]{subsection.2.4}{\376\377\000W\000y\000k\000a\000z\000\040\000u\001\174\000y\000t\000y\000c\000h\000\040\000t\000e\000c\000h\000n\000o\000l\000o\000g\000i\000i}{section.2}% 21
\BOOKMARK [1][-]{subsection.2.4}{\376\377\000C\000z\001\031\001\133\001\007\000\040\000p\000r\000a\000k\000t\000y\000c\000z\000n\000a}{}% 22
\BOOKMARK [1][-]{section.3}{\376\377\000P\000r\000o\000j\000e\000k\000t\000\040\000a\000p\000l\000i\000k\000a\000c\000j\000i\000\040\000w\000s\000p\000o\000m\000a\000g\000a\000j\001\005\000c\000e\000j\000\040\000a\000r\000a\000n\001\174\000a\000c\000j\000e\000\040\000m\000u\000z\000y\000c\000z\000n\000e}{}% 23
\BOOKMARK [2][-]{subsection.3.1}{\376\377\000M\000o\000d\000e\000l\000e\000\040\000d\000a\000n\000y\000c\000h}{section.3}% 24
\BOOKMARK [2][-]{subsection.3.2}{\376\377\000D\000i\000a\000g\000r\000a\000m\000y\000\040\000p\000r\000z\000e\000p\001\102\000y\000w\000u}{section.3}% 25
\BOOKMARK [2][-]{subsection.3.3}{\376\377\000A\000r\000c\000h\000i\000t\000e\000k\000t\000u\000r\000a\000\040\000a\000p\000l\000i\000k\000a\000c\000j\000i}{section.3}% 26
\BOOKMARK [2][-]{subsection.3.4}{\376\377\000W\000a\000r\000s\000t\000w\000a\000\040\000d\000o\000s\000t\001\031\000p\000u\000\040\000d\000o\000\040\000d\000a\000n\000y\000c\000h}{section.3}% 27
\BOOKMARK [2][-]{subsection.3.5}{\376\377\000W\000a\000r\000s\000t\000w\000a\000\040\000l\000o\000g\000i\000k\000i\000\040\000b\000i\000z\000n\000e\000s\000o\000w\000e\000j}{section.3}% 28
\BOOKMARK [2][-]{subsection.3.6}{\376\377\000W\000a\000r\000s\000t\000w\000a\000\040\000p\000r\000e\000z\000e\000n\000t\000a\000c\000j\000i}{section.3}% 29
\BOOKMARK [3][-]{subsubsection.3.6.1}{\376\377\000P\000r\000o\000j\000e\000k\000t\000\040\000i\000n\000t\000e\000r\000f\000e\000j\000s\000u}{subsection.3.6}% 30
\BOOKMARK [3][-]{subsubsection.3.6.2}{\376\377\000I\000m\000p\000l\000e\000m\000e\000n\000t\000a\000c\000j\000a\000\040\000f\000u\000n\000k\000c\000j\000o\000n\000a\000l\000n\000o\001\133\000c\000i\000\040\000w\000s\000p\000i\000e\000r\000a\000j\001\005\000c\000y\000c\000h\000\040\000a\000r\000a\000n\001\174\000a\000c\000j\001\031}{subsection.3.6}% 31
\BOOKMARK [2][-]{subsection.3.7}{\376\377\000C\000o\000n\000t\000i\000n\000o\000u\000s\000\040\000I\000n\000t\000e\000g\000r\000a\000t\000i\000o\000n\000\040\000i\000\040\000C\000o\000n\000t\000i\000n\000o\000u\000s\000\040\000D\000e\000l\000i\000v\000e\000r\000y}{section.3}% 32
\BOOKMARK [1][-]{section.4}{\376\377\000A\000n\000a\000l\000i\000z\000a\000\040\000o\000t\000r\000z\000y\000m\000a\000n\000y\000c\000h\000\040\000w\000y\000n\000i\000k\000\363\000w\000\040\000i\000\040\000w\000n\000i\000o\000s\000k\000i}{}% 33
\BOOKMARK [1][-]{section.4}{\376\377\000B\000i\000b\000l\000i\000o\000g\000r\000a\000f\000i\000a}{}% 34
\BOOKMARK [1][-]{section*.6}{\376\377\000S\000p\000i\000s\000\040\000r\000y\000s\000u\000n\000k\000\363\000w}{}% 35
\BOOKMARK [1][-]{section*.7}{\376\377\000S\000p\000i\000s\000\040\000t\000a\000b\000e\000l}{}% 36
